!SESSION 2024-05-26 17:42:50.713 -----------------------------------------------
eclipse.buildId=4.31.0.20240307-1200
java.version=1.8.0_202
java.vendor=Oracle Corporation
BootLoader constants: OS=win32, ARCH=x86_64, WS=win32, NL=en_US
Framework arguments:  -application org.eclipse.ui.ide.workbench
Command-line arguments:  -application org.eclipse.ui.ide.workbench -data C:\Users\arunk\OneDrive\Desktop\Hello SpringBoot\HelloSpringApp/../runtime-New_configuration -dev file:C:/Users/arunk/OneDrive/Desktop/Hello SpringBoot/HelloSpringApp/.metadata/.plugins/org.eclipse.pde.core/New_configuration/dev.properties -os win32 -ws win32 -arch x86_64 -consoleLog

!ENTRY org.eclipse.equinox.simpleconfigurator 4 0 2024-05-26 17:42:52.540
!MESSAGE FrameworkEvent ERROR
!STACK 0
org.osgi.framework.BundleException: Could not resolve module: org.eclipse.equinox.simpleconfigurator [2]
  Unresolved requirement: Require-Capability: osgi.ee; filter:="(&(osgi.ee=JavaSE)(version=17))"

	at org.eclipse.osgi.container.Module.start(Module.java:493)
	at org.eclipse.osgi.container.ModuleContainer$ContainerStartLevel$2.run(ModuleContainer.java:2073)
	at org.eclipse.osgi.internal.framework.EquinoxContainerAdaptor$1$1.execute(EquinoxContainerAdaptor.java:143)
	at org.eclipse.osgi.container.ModuleContainer$ContainerStartLevel.incStartLevel(ModuleContainer.java:2064)
	at org.eclipse.osgi.container.ModuleContainer$ContainerStartLevel.incStartLevel(ModuleContainer.java:2006)
	at org.eclipse.osgi.container.ModuleContainer$ContainerStartLevel.doContainerStartLevel(ModuleContainer.java:1967)
	at org.eclipse.osgi.container.SystemModule.startWorker(SystemModule.java:274)
	at org.eclipse.osgi.container.Module.doStart(Module.java:639)
	at org.eclipse.osgi.container.Module.start(Module.java:498)
	at org.eclipse.osgi.container.SystemModule.start(SystemModule.java:198)
	at org.eclipse.osgi.internal.framework.EquinoxBundle.start(EquinoxBundle.java:463)
	at org.eclipse.osgi.internal.framework.EquinoxBundle.start(EquinoxBundle.java:482)
	at org.eclipse.osgi.launch.Equinox.start(Equinox.java:139)
	at org.eclipse.core.runtime.adaptor.EclipseStarter.startup(EclipseStarter.java:367)
	at org.eclipse.core.runtime.adaptor.EclipseStarter.run(EclipseStarter.java:267)
	at sun.reflect.NativeMethodAccessorImpl.invoke0(Native Method)
	at sun.reflect.NativeMethodAccessorImpl.invoke(NativeMethodAccessorImpl.java:62)
	at sun.reflect.DelegatingMethodAccessorImpl.invoke(DelegatingMethodAccessorImpl.java:43)
	at java.lang.reflect.Method.invoke(Method.java:498)
	at org.eclipse.equinox.launcher.Main.invokeFramework(Main.java:651)
	at org.eclipse.equinox.launcher.Main.basicRun(Main.java:588)
	at org.eclipse.equinox.launcher.Main.run(Main.java:1459)
	at org.eclipse.equinox.launcher.Main.main(Main.java:1432)

!ENTRY org.eclipse.osgi 4 0 2024-05-26 17:42:52.549
!MESSAGE Bundle initial@reference:file:../../../.p2/pool/plugins/org.eclipse.equinox.simpleconfigurator_1.5.200.v20240209-1053.jar was not resolved.

!ENTRY org.eclipse.equinox.simpleconfigurator 2 0 2024-05-26 17:42:52.567
!MESSAGE Could not resolve module: org.eclipse.equinox.simpleconfigurator [2]
  Unresolved requirement: Require-Capability: osgi.ee; filter:="(&(osgi.ee=JavaSE)(version=17))"


!ENTRY org.eclipse.osgi 4 0 2024-05-26 17:42:52.603
!MESSAGE Application error
!STACK 1
java.lang.IllegalStateException: Unable to acquire application service. Ensure that the org.eclipse.core.runtime bundle is resolved and started (see config.ini).
	at org.eclipse.core.runtime.internal.adaptor.EclipseAppLauncher.start(EclipseAppLauncher.java:86)
	at org.eclipse.core.runtime.adaptor.EclipseStarter.run(EclipseStarter.java:439)
	at org.eclipse.core.runtime.adaptor.EclipseStarter.run(EclipseStarter.java:271)
	at sun.reflect.NativeMethodAccessorImpl.invoke0(Native Method)
	at sun.reflect.NativeMethodAccessorImpl.invoke(NativeMethodAccessorImpl.java:62)
	at sun.reflect.DelegatingMethodAccessorImpl.invoke(DelegatingMethodAccessorImpl.java:43)
	at java.lang.reflect.Method.invoke(Method.java:498)
	at org.eclipse.equinox.launcher.Main.invokeFramework(Main.java:651)
	at org.eclipse.equinox.launcher.Main.basicRun(Main.java:588)
	at org.eclipse.equinox.launcher.Main.run(Main.java:1459)
	at org.eclipse.equinox.launcher.Main.main(Main.java:1432)
